0 info it worked if it ends with ok
1 verbose cli [ 'C:\\Program Files\\nodejs\\node.exe',
1 verbose cli   'C:\\Program Files\\nodejs\\node_modules\\npm\\bin\\npm-cli.js',
1 verbose cli   'install',
1 verbose cli   'bcrypt' ]
2 info using npm@2.15.9
3 info using node@v4.5.0
4 verbose config Skipping project config: C:\Users\Chandra/.npmrc. (matches userconfig)
5 verbose install initial load of C:\Users\Chandra\package.json
6 verbose installManyTop reading scoped package data from C:\Users\Chandra\node_modules\amqp\package.json
7 verbose installManyTop reading scoped package data from C:\Users\Chandra\node_modules\angular\package.json
8 verbose installManyTop reading scoped package data from C:\Users\Chandra\node_modules\connect-mongo\package.json
9 verbose installManyTop reading scoped package data from C:\Users\Chandra\node_modules\express-session\package.json
10 verbose installManyTop reading scoped package data from C:\Users\Chandra\node_modules\mongodb\package.json
11 verbose installManyTop reading scoped package data from C:\Users\Chandra\node_modules\mysql\package.json
12 verbose installManyTop reading scoped package data from C:\Users\Chandra\node_modules\passport\package.json
13 verbose installManyTop reading scoped package data from C:\Users\Chandra\node_modules\passport-local\package.json
14 verbose installManyTop reading scoped package data from C:\Users\Chandra\node_modules\winston\package.json
15 info package.json passport-local@1.0.0 No license field.
16 info package.json amqp@0.2.6 No license field.
17 verbose readDependencies loading dependencies from C:\Users\Chandra\package.json
18 silly cache add args [ 'bcrypt', null ]
19 verbose cache add spec bcrypt
20 silly cache add parsed spec Result {
20 silly cache add   raw: 'bcrypt',
20 silly cache add   scope: null,
20 silly cache add   name: 'bcrypt',
20 silly cache add   rawSpec: '',
20 silly cache add   spec: 'latest',
20 silly cache add   type: 'tag' }
21 silly addNamed bcrypt@latest
22 verbose addNamed "latest" is being treated as a dist-tag for bcrypt
23 info addNameTag [ 'bcrypt', 'latest' ]
24 silly mapToRegistry name bcrypt
25 silly mapToRegistry using default registry
26 silly mapToRegistry registry https://registry.npmjs.org/
27 silly mapToRegistry data Result {
27 silly mapToRegistry   raw: 'bcrypt',
27 silly mapToRegistry   scope: null,
27 silly mapToRegistry   name: 'bcrypt',
27 silly mapToRegistry   rawSpec: '',
27 silly mapToRegistry   spec: 'latest',
27 silly mapToRegistry   type: 'tag' }
28 silly mapToRegistry uri https://registry.npmjs.org/bcrypt
29 verbose addNameTag registry:https://registry.npmjs.org/bcrypt not in flight; fetching
30 verbose request uri https://registry.npmjs.org/bcrypt
31 verbose request no auth needed
32 info attempt registry request try #1 at 11:26:47 PM
33 verbose request id dd5beba93f5605c9
34 verbose etag "6GWKD2IAPPGU2HDDG5W0FV4K3"
35 http request GET https://registry.npmjs.org/bcrypt
36 http 304 https://registry.npmjs.org/bcrypt
37 verbose headers { date: 'Thu, 10 Nov 2016 07:26:46 GMT',
37 verbose headers   via: '1.1 varnish',
37 verbose headers   'cache-control': 'max-age=300',
37 verbose headers   etag: '"6GWKD2IAPPGU2HDDG5W0FV4K3"',
37 verbose headers   age: '208',
37 verbose headers   connection: 'keep-alive',
37 verbose headers   'x-served-by': 'cache-sjc3141-SJC',
37 verbose headers   'x-cache': 'HIT',
37 verbose headers   'x-cache-hits': '1',
37 verbose headers   'x-timer': 'S1478762806.249753,VS0,VE0',
37 verbose headers   vary: 'Accept-Encoding' }
38 silly get cb [ 304,
38 silly get   { date: 'Thu, 10 Nov 2016 07:26:46 GMT',
38 silly get     via: '1.1 varnish',
38 silly get     'cache-control': 'max-age=300',
38 silly get     etag: '"6GWKD2IAPPGU2HDDG5W0FV4K3"',
38 silly get     age: '208',
38 silly get     connection: 'keep-alive',
38 silly get     'x-served-by': 'cache-sjc3141-SJC',
38 silly get     'x-cache': 'HIT',
38 silly get     'x-cache-hits': '1',
38 silly get     'x-timer': 'S1478762806.249753,VS0,VE0',
38 silly get     vary: 'Accept-Encoding' } ]
39 verbose etag https://registry.npmjs.org/bcrypt from cache
40 verbose get saving bcrypt to C:\Users\Chandra\AppData\Roaming\npm-cache\registry.npmjs.org\bcrypt\.cache.json
41 verbose correctMkdir C:\Users\Chandra\AppData\Roaming\npm-cache correctMkdir not in flight; initializing
42 silly addNameTag next cb for bcrypt with tag latest
43 silly addNamed bcrypt@0.8.7
44 verbose addNamed "0.8.7" is a plain semver version for bcrypt
45 silly cache afterAdd bcrypt@0.8.7
46 verbose afterAdd C:\Users\Chandra\AppData\Roaming\npm-cache\bcrypt\0.8.7\package\package.json not in flight; writing
47 verbose correctMkdir C:\Users\Chandra\AppData\Roaming\npm-cache correctMkdir not in flight; initializing
48 verbose afterAdd C:\Users\Chandra\AppData\Roaming\npm-cache\bcrypt\0.8.7\package\package.json written
49 silly install resolved [ { name: 'bcrypt',
49 silly install resolved     description: 'A bcrypt library for NodeJS.',
49 silly install resolved     keywords:
49 silly install resolved      [ 'bcrypt',
49 silly install resolved        'password',
49 silly install resolved        'auth',
49 silly install resolved        'authentication',
49 silly install resolved        'encryption',
49 silly install resolved        'crypt',
49 silly install resolved        'crypto' ],
49 silly install resolved     main: './bcrypt',
49 silly install resolved     version: '0.8.7',
49 silly install resolved     author: { name: 'Nick Campbell', url: 'https://github.com/ncb000gt' },
49 silly install resolved     engines: { node: '>= 0.6.0' },
49 silly install resolved     repository:
49 silly install resolved      { type: 'git',
49 silly install resolved        url: 'git+https://github.com/ncb000gt/node.bcrypt.js.git' },
49 silly install resolved     license: 'MIT',
49 silly install resolved     bugs: { url: 'https://github.com/ncb000gt/node.bcrypt.js/issues' },
49 silly install resolved     scripts:
49 silly install resolved      { test: 'node-gyp configure build && nodeunit test',
49 silly install resolved        install: 'node-gyp rebuild' },
49 silly install resolved     dependencies: { bindings: '1.2.1', nan: '2.3.5' },
49 silly install resolved     devDependencies: { nodeunit: '~0.9.1' },
49 silly install resolved     contributors:
49 silly install resolved      [ [Object],
49 silly install resolved        [Object],
49 silly install resolved        [Object],
49 silly install resolved        [Object],
49 silly install resolved        [Object],
49 silly install resolved        [Object],
49 silly install resolved        [Object],
49 silly install resolved        [Object],
49 silly install resolved        [Object],
49 silly install resolved        [Object],
49 silly install resolved        [Object],
49 silly install resolved        [Object],
49 silly install resolved        [Object],
49 silly install resolved        [Object] ],
49 silly install resolved     gypfile: true,
49 silly install resolved     gitHead: '0dc9b78dab6980d129b77d1df723aa44daa7deb4',
49 silly install resolved     homepage: 'https://github.com/ncb000gt/node.bcrypt.js#readme',
49 silly install resolved     _id: 'bcrypt@0.8.7',
49 silly install resolved     _shasum: 'bc3875a9afd0a7b2cd231a6a7f218a5ce156b093',
49 silly install resolved     _from: 'bcrypt@latest',
49 silly install resolved     _npmVersion: '3.8.9',
49 silly install resolved     _nodeVersion: '6.2.0',
49 silly install resolved     _npmUser: { name: 'defunctzombie', email: 'shtylman@gmail.com' },
49 silly install resolved     dist:
49 silly install resolved      { shasum: 'bc3875a9afd0a7b2cd231a6a7f218a5ce156b093',
49 silly install resolved        tarball: 'https://registry.npmjs.org/bcrypt/-/bcrypt-0.8.7.tgz' },
49 silly install resolved     maintainers: [ [Object], [Object], [Object], [Object] ],
49 silly install resolved     _npmOperationalInternal:
49 silly install resolved      { host: 'packages-12-west.internal.npmjs.com',
49 silly install resolved        tmp: 'tmp/bcrypt-0.8.7.tgz_1465526713712_0.05265477881766856' },
49 silly install resolved     directories: {},
49 silly install resolved     _resolved: 'https://registry.npmjs.org/bcrypt/-/bcrypt-0.8.7.tgz',
49 silly install resolved     readme: 'ERROR: No README data found!' } ]
50 info install bcrypt@0.8.7 into C:\Users\Chandra
51 info installOne bcrypt@0.8.7
52 verbose installOne of bcrypt to C:\Users\Chandra not in flight; installing
53 verbose correctMkdir C:\Users\Chandra\AppData\Roaming\npm-cache\_locks correctMkdir not in flight; initializing
54 verbose lock using C:\Users\Chandra\AppData\Roaming\npm-cache\_locks\bcrypt-01422ece19c88967.lock for C:\Users\Chandra\node_modules\bcrypt
55 silly install write writing bcrypt 0.8.7 to C:\Users\Chandra\node_modules\bcrypt
56 verbose unbuild node_modules\bcrypt
57 silly gentlyRm C:\Users\Chandra\node_modules\bcrypt is being purged from base C:\Users\Chandra
58 verbose gentlyRm don't care about contents; nuking C:\Users\Chandra\node_modules\bcrypt
59 verbose tar unpack C:\Users\Chandra\AppData\Roaming\npm-cache\bcrypt\0.8.7\package.tgz
60 verbose tar unpacking to C:\Users\Chandra\node_modules\bcrypt
61 silly gentlyRm C:\Users\Chandra\node_modules\bcrypt is being purged
62 verbose gentlyRm don't care about contents; nuking C:\Users\Chandra\node_modules\bcrypt
63 silly gunzTarPerm modes [ '777', '666' ]
64 silly gunzTarPerm extractEntry package.json
65 silly gunzTarPerm modified mode [ 'package.json', 420, 438 ]
66 silly gunzTarPerm extractEntry .npmignore
67 silly gunzTarPerm modified mode [ '.npmignore', 420, 438 ]
68 silly gunzTarPerm extractEntry README.md
69 silly gunzTarPerm modified mode [ 'README.md', 420, 438 ]
70 silly gunzTarPerm extractEntry LICENSE
71 silly gunzTarPerm modified mode [ 'LICENSE', 420, 438 ]
72 silly gunzTarPerm extractEntry bcrypt.js
73 silly gunzTarPerm modified mode [ 'bcrypt.js', 420, 438 ]
74 silly gunzTarPerm extractEntry Makefile
75 silly gunzTarPerm modified mode [ 'Makefile', 420, 438 ]
76 silly gunzTarPerm extractEntry .travis.yml
77 silly gunzTarPerm modified mode [ '.travis.yml', 420, 438 ]
78 silly gunzTarPerm extractEntry CHANGELOG.md
79 silly gunzTarPerm modified mode [ 'CHANGELOG.md', 420, 438 ]
80 silly gunzTarPerm extractEntry binding.gyp
81 silly gunzTarPerm modified mode [ 'binding.gyp', 420, 438 ]
82 silly gunzTarPerm extractEntry examples/async_compare.js
83 silly gunzTarPerm modified mode [ 'examples/async_compare.js', 420, 438 ]
84 silly gunzTarPerm extractEntry examples/forever_gen_salt.js
85 silly gunzTarPerm modified mode [ 'examples/forever_gen_salt.js', 420, 438 ]
86 silly gunzTarPerm extractEntry test/async.js
87 silly gunzTarPerm modified mode [ 'test/async.js', 420, 438 ]
88 silly gunzTarPerm extractEntry test/repetitions.js
89 silly gunzTarPerm modified mode [ 'test/repetitions.js', 420, 438 ]
90 silly gunzTarPerm extractEntry test/sync.js
91 silly gunzTarPerm modified mode [ 'test/sync.js', 420, 438 ]
92 silly gunzTarPerm extractEntry ISSUE_TEMPLATE.md
93 silly gunzTarPerm modified mode [ 'ISSUE_TEMPLATE.md', 420, 438 ]
94 silly gunzTarPerm extractEntry src/bcrypt.cc
95 silly gunzTarPerm modified mode [ 'src/bcrypt.cc', 420, 438 ]
96 silly gunzTarPerm extractEntry src/bcrypt_node.cc
97 silly gunzTarPerm modified mode [ 'src/bcrypt_node.cc', 420, 438 ]
98 silly gunzTarPerm extractEntry src/blowfish.cc
99 silly gunzTarPerm modified mode [ 'src/blowfish.cc', 420, 438 ]
100 silly gunzTarPerm extractEntry src/node_blf.h
101 silly gunzTarPerm modified mode [ 'src/node_blf.h', 420, 438 ]
102 silly gunzTarPerm extractEntry werker.yml
103 silly gunzTarPerm modified mode [ 'werker.yml', 420, 438 ]
104 verbose write writing to C:\Users\Chandra\node_modules\bcrypt\package.json
105 info preinstall bcrypt@0.8.7
106 verbose readDependencies loading dependencies from C:\Users\Chandra\node_modules\bcrypt\package.json
107 silly prepareForInstallMany adding bindings@1.2.1 from bcrypt dependencies
108 silly prepareForInstallMany adding nan@2.3.5 from bcrypt dependencies
109 verbose readDependencies loading dependencies from C:\Users\Chandra\node_modules\bcrypt\package.json
110 silly cache add args [ 'bindings@1.2.1', null ]
111 verbose cache add spec bindings@1.2.1
112 silly cache add parsed spec Result {
112 silly cache add   raw: 'bindings@1.2.1',
112 silly cache add   scope: null,
112 silly cache add   name: 'bindings',
112 silly cache add   rawSpec: '1.2.1',
112 silly cache add   spec: '1.2.1',
112 silly cache add   type: 'version' }
113 silly addNamed bindings@1.2.1
114 verbose addNamed "1.2.1" is a plain semver version for bindings
115 silly mapToRegistry name bindings
116 silly mapToRegistry using default registry
117 silly mapToRegistry registry https://registry.npmjs.org/
118 silly mapToRegistry data Result {
118 silly mapToRegistry   raw: 'bindings',
118 silly mapToRegistry   scope: null,
118 silly mapToRegistry   name: 'bindings',
118 silly mapToRegistry   rawSpec: '',
118 silly mapToRegistry   spec: 'latest',
118 silly mapToRegistry   type: 'tag' }
119 silly mapToRegistry uri https://registry.npmjs.org/bindings
120 verbose addNameVersion registry:https://registry.npmjs.org/bindings not in flight; fetching
121 silly cache add args [ 'nan@2.3.5', null ]
122 verbose cache add spec nan@2.3.5
123 silly cache add parsed spec Result {
123 silly cache add   raw: 'nan@2.3.5',
123 silly cache add   scope: null,
123 silly cache add   name: 'nan',
123 silly cache add   rawSpec: '2.3.5',
123 silly cache add   spec: '2.3.5',
123 silly cache add   type: 'version' }
124 silly addNamed nan@2.3.5
125 verbose addNamed "2.3.5" is a plain semver version for nan
126 silly mapToRegistry name nan
127 silly mapToRegistry using default registry
128 silly mapToRegistry registry https://registry.npmjs.org/
129 silly mapToRegistry data Result {
129 silly mapToRegistry   raw: 'nan',
129 silly mapToRegistry   scope: null,
129 silly mapToRegistry   name: 'nan',
129 silly mapToRegistry   rawSpec: '',
129 silly mapToRegistry   spec: 'latest',
129 silly mapToRegistry   type: 'tag' }
130 silly mapToRegistry uri https://registry.npmjs.org/nan
131 verbose addNameVersion registry:https://registry.npmjs.org/nan not in flight; fetching
132 verbose request uri https://registry.npmjs.org/bindings
133 verbose request no auth needed
134 info attempt registry request try #1 at 11:26:47 PM
135 verbose etag "8QW29MHCPCE6VJCVI3QVXRJAQ"
136 http request GET https://registry.npmjs.org/bindings
137 verbose request uri https://registry.npmjs.org/nan
138 verbose request no auth needed
139 info attempt registry request try #1 at 11:26:47 PM
140 verbose etag "64LN9YQI6X4XTPFBYZLET8KF2"
141 http request GET https://registry.npmjs.org/nan
142 http 304 https://registry.npmjs.org/bindings
143 verbose headers { date: 'Thu, 10 Nov 2016 07:26:46 GMT',
143 verbose headers   via: '1.1 varnish',
143 verbose headers   'cache-control': 'max-age=300',
143 verbose headers   etag: '"8QW29MHCPCE6VJCVI3QVXRJAQ"',
143 verbose headers   age: '65',
143 verbose headers   connection: 'keep-alive',
143 verbose headers   'x-served-by': 'cache-sjc3141-SJC',
143 verbose headers   'x-cache': 'HIT',
143 verbose headers   'x-cache-hits': '1',
143 verbose headers   'x-timer': 'S1478762806.444267,VS0,VE0',
143 verbose headers   vary: 'Accept-Encoding' }
144 silly get cb [ 304,
144 silly get   { date: 'Thu, 10 Nov 2016 07:26:46 GMT',
144 silly get     via: '1.1 varnish',
144 silly get     'cache-control': 'max-age=300',
144 silly get     etag: '"8QW29MHCPCE6VJCVI3QVXRJAQ"',
144 silly get     age: '65',
144 silly get     connection: 'keep-alive',
144 silly get     'x-served-by': 'cache-sjc3141-SJC',
144 silly get     'x-cache': 'HIT',
144 silly get     'x-cache-hits': '1',
144 silly get     'x-timer': 'S1478762806.444267,VS0,VE0',
144 silly get     vary: 'Accept-Encoding' } ]
145 verbose etag https://registry.npmjs.org/bindings from cache
146 verbose get saving bindings to C:\Users\Chandra\AppData\Roaming\npm-cache\registry.npmjs.org\bindings\.cache.json
147 verbose correctMkdir C:\Users\Chandra\AppData\Roaming\npm-cache correctMkdir not in flight; initializing
148 silly cache afterAdd bindings@1.2.1
149 verbose afterAdd C:\Users\Chandra\AppData\Roaming\npm-cache\bindings\1.2.1\package\package.json not in flight; writing
150 verbose correctMkdir C:\Users\Chandra\AppData\Roaming\npm-cache correctMkdir not in flight; initializing
151 verbose afterAdd C:\Users\Chandra\AppData\Roaming\npm-cache\bindings\1.2.1\package\package.json written
152 http 304 https://registry.npmjs.org/nan
153 verbose headers { date: 'Thu, 10 Nov 2016 07:26:46 GMT',
153 verbose headers   via: '1.1 varnish',
153 verbose headers   'cache-control': 'max-age=300',
153 verbose headers   etag: '"64LN9YQI6X4XTPFBYZLET8KF2"',
153 verbose headers   age: '253',
153 verbose headers   connection: 'keep-alive',
153 verbose headers   'x-served-by': 'cache-sjc3125-SJC',
153 verbose headers   'x-cache': 'HIT',
153 verbose headers   'x-cache-hits': '2',
153 verbose headers   'x-timer': 'S1478762806.470091,VS0,VE0',
153 verbose headers   vary: 'Accept-Encoding' }
154 silly get cb [ 304,
154 silly get   { date: 'Thu, 10 Nov 2016 07:26:46 GMT',
154 silly get     via: '1.1 varnish',
154 silly get     'cache-control': 'max-age=300',
154 silly get     etag: '"64LN9YQI6X4XTPFBYZLET8KF2"',
154 silly get     age: '253',
154 silly get     connection: 'keep-alive',
154 silly get     'x-served-by': 'cache-sjc3125-SJC',
154 silly get     'x-cache': 'HIT',
154 silly get     'x-cache-hits': '2',
154 silly get     'x-timer': 'S1478762806.470091,VS0,VE0',
154 silly get     vary: 'Accept-Encoding' } ]
155 verbose etag https://registry.npmjs.org/nan from cache
156 verbose get saving nan to C:\Users\Chandra\AppData\Roaming\npm-cache\registry.npmjs.org\nan\.cache.json
157 verbose correctMkdir C:\Users\Chandra\AppData\Roaming\npm-cache correctMkdir not in flight; initializing
158 silly cache afterAdd nan@2.3.5
159 verbose afterAdd C:\Users\Chandra\AppData\Roaming\npm-cache\nan\2.3.5\package\package.json not in flight; writing
160 verbose correctMkdir C:\Users\Chandra\AppData\Roaming\npm-cache correctMkdir not in flight; initializing
161 verbose afterAdd C:\Users\Chandra\AppData\Roaming\npm-cache\nan\2.3.5\package\package.json written
162 silly install resolved [ { name: 'bindings',
162 silly install resolved     description: 'Helper module for loading your native module\'s .node file',
162 silly install resolved     keywords: [ 'native', 'addon', 'bindings', 'gyp', 'waf', 'c', 'c++' ],
162 silly install resolved     version: '1.2.1',
162 silly install resolved     author:
162 silly install resolved      { name: 'Nathan Rajlich',
162 silly install resolved        email: 'nathan@tootallnate.net',
162 silly install resolved        url: 'http://tootallnate.net' },
162 silly install resolved     repository:
162 silly install resolved      { type: 'git',
162 silly install resolved        url: 'git://github.com/TooTallNate/node-bindings.git' },
162 silly install resolved     main: './bindings.js',
162 silly install resolved     bugs: { url: 'https://github.com/TooTallNate/node-bindings/issues' },
162 silly install resolved     homepage: 'https://github.com/TooTallNate/node-bindings',
162 silly install resolved     license: 'MIT',
162 silly install resolved     gitHead: 'e404152ee27f8478ccbc7122ee051246e8e5ec02',
162 silly install resolved     _id: 'bindings@1.2.1',
162 silly install resolved     scripts: {},
162 silly install resolved     _shasum: '14ad6113812d2d37d72e67b4cacb4bb726505f11',
162 silly install resolved     _from: 'bindings@1.2.1',
162 silly install resolved     _npmVersion: '1.4.14',
162 silly install resolved     _npmUser: { name: 'tootallnate', email: 'nathan@tootallnate.net' },
162 silly install resolved     maintainers: [ [Object], [Object] ],
162 silly install resolved     dist:
162 silly install resolved      { shasum: '14ad6113812d2d37d72e67b4cacb4bb726505f11',
162 silly install resolved        tarball: 'https://registry.npmjs.org/bindings/-/bindings-1.2.1.tgz' },
162 silly install resolved     directories: {},
162 silly install resolved     _resolved: 'https://registry.npmjs.org/bindings/-/bindings-1.2.1.tgz',
162 silly install resolved     readme: 'ERROR: No README data found!' },
162 silly install resolved   { name: 'nan',
162 silly install resolved     version: '2.3.5',
162 silly install resolved     description: 'Native Abstractions for Node.js: C++ header for Node 0.8 -> 6 compatibility',
162 silly install resolved     main: 'include_dirs.js',
162 silly install resolved     repository: { type: 'git', url: 'git://github.com/nodejs/nan.git' },
162 silly install resolved     scripts:
162 silly install resolved      { test: 'tap --gc --stderr test/js/*-test.js',
162 silly install resolved        'rebuild-tests': 'node-gyp rebuild --msvs_version=2013 --directory test',
162 silly install resolved        docs: 'doc/.build.sh' },
162 silly install resolved     contributors:
162 silly install resolved      [ [Object],
162 silly install resolved        [Object],
162 silly install resolved        [Object],
162 silly install resolved        [Object],
162 silly install resolved        [Object],
162 silly install resolved        [Object],
162 silly install resolved        [Object] ],
162 silly install resolved     devDependencies:
162 silly install resolved      { bindings: '~1.2.1',
162 silly install resolved        commander: '^2.8.1',
162 silly install resolved        glob: '^5.0.14',
162 silly install resolved        'node-gyp': '~3.0.1',
162 silly install resolved        tap: '~0.7.1',
162 silly install resolved        xtend: '~4.0.0' },
162 silly install resolved     license: 'MIT',
162 silly install resolved     bugs: { url: 'https://github.com/nodejs/nan/issues' },
162 silly install resolved     homepage: 'https://github.com/nodejs/nan#readme',
162 silly install resolved     _id: 'nan@2.3.5',
162 silly install resolved     _shasum: '822a0dc266290ce4cd3a12282ca3e7e364668a08',
162 silly install resolved     _resolved: 'https://registry.npmjs.org/nan/-/nan-2.3.5.tgz',
162 silly install resolved     _from: 'nan@2.3.5',
162 silly install resolved     _npmVersion: '3.3.6',
162 silly install resolved     _nodeVersion: '5.0.0',
162 silly install resolved     _npmUser: { name: 'kkoopa', email: 'bbyholm@abo.fi' },
162 silly install resolved     dist:
162 silly install resolved      { shasum: '822a0dc266290ce4cd3a12282ca3e7e364668a08',
162 silly install resolved        tarball: 'https://registry.npmjs.org/nan/-/nan-2.3.5.tgz' },
162 silly install resolved     maintainers: [ [Object], [Object] ],
162 silly install resolved     _npmOperationalInternal:
162 silly install resolved      { host: 'packages-12-west.internal.npmjs.com',
162 silly install resolved        tmp: 'tmp/nan-2.3.5.tgz_1464707164994_0.4295874561648816' },
162 silly install resolved     directories: {},
162 silly install resolved     readme: 'ERROR: No README data found!' } ]
163 info install bindings@1.2.1 into C:\Users\Chandra\node_modules\bcrypt
164 info install nan@2.3.5 into C:\Users\Chandra\node_modules\bcrypt
165 info installOne bindings@1.2.1
166 verbose installOne of bindings to C:\Users\Chandra\node_modules\bcrypt not in flight; installing
167 verbose correctMkdir C:\Users\Chandra\AppData\Roaming\npm-cache\_locks correctMkdir not in flight; initializing
168 info installOne nan@2.3.5
169 verbose installOne of nan to C:\Users\Chandra\node_modules\bcrypt not in flight; installing
170 verbose correctMkdir C:\Users\Chandra\AppData\Roaming\npm-cache\_locks correctMkdir not in flight; initializing
171 verbose lock using C:\Users\Chandra\AppData\Roaming\npm-cache\_locks\bindings-c57eff0fcd43e5e9.lock for C:\Users\Chandra\node_modules\bcrypt\node_modules\bindings
172 verbose lock using C:\Users\Chandra\AppData\Roaming\npm-cache\_locks\nan-cf174a6ebbce954f.lock for C:\Users\Chandra\node_modules\bcrypt\node_modules\nan
173 silly install write writing bindings 1.2.1 to C:\Users\Chandra\node_modules\bcrypt\node_modules\bindings
174 silly install write writing nan 2.3.5 to C:\Users\Chandra\node_modules\bcrypt\node_modules\nan
175 verbose unbuild node_modules\bcrypt\node_modules\bindings
176 verbose unbuild node_modules\bcrypt\node_modules\nan
177 silly gentlyRm C:\Users\Chandra\node_modules\bcrypt\node_modules\bindings is being purged from base C:\Users\Chandra
178 verbose gentlyRm don't care about contents; nuking C:\Users\Chandra\node_modules\bcrypt\node_modules\bindings
179 silly gentlyRm C:\Users\Chandra\node_modules\bcrypt\node_modules\nan is being purged from base C:\Users\Chandra
180 verbose gentlyRm don't care about contents; nuking C:\Users\Chandra\node_modules\bcrypt\node_modules\nan
181 verbose tar unpack C:\Users\Chandra\AppData\Roaming\npm-cache\bindings\1.2.1\package.tgz
182 verbose tar unpacking to C:\Users\Chandra\node_modules\bcrypt\node_modules\bindings
183 silly gentlyRm C:\Users\Chandra\node_modules\bcrypt\node_modules\bindings is being purged
184 verbose gentlyRm don't care about contents; nuking C:\Users\Chandra\node_modules\bcrypt\node_modules\bindings
185 verbose tar unpack C:\Users\Chandra\AppData\Roaming\npm-cache\nan\2.3.5\package.tgz
186 verbose tar unpacking to C:\Users\Chandra\node_modules\bcrypt\node_modules\nan
187 silly gentlyRm C:\Users\Chandra\node_modules\bcrypt\node_modules\nan is being purged
188 verbose gentlyRm don't care about contents; nuking C:\Users\Chandra\node_modules\bcrypt\node_modules\nan
189 silly gunzTarPerm modes [ '777', '666' ]
190 silly gunzTarPerm modes [ '777', '666' ]
191 silly gunzTarPerm extractEntry package.json
192 silly gunzTarPerm modified mode [ 'package.json', 420, 438 ]
193 silly gunzTarPerm extractEntry package.json
194 silly gunzTarPerm modified mode [ 'package.json', 436, 438 ]
195 silly gunzTarPerm extractEntry README.md
196 silly gunzTarPerm modified mode [ 'README.md', 420, 438 ]
197 silly gunzTarPerm extractEntry bindings.js
198 silly gunzTarPerm modified mode [ 'bindings.js', 420, 438 ]
199 silly gunzTarPerm extractEntry README.md
200 silly gunzTarPerm modified mode [ 'README.md', 436, 438 ]
201 silly gunzTarPerm extractEntry include_dirs.js
202 silly gunzTarPerm modified mode [ 'include_dirs.js', 436, 438 ]
203 silly gunzTarPerm extractEntry nan_converters.h
204 silly gunzTarPerm modified mode [ 'nan_converters.h', 436, 438 ]
205 silly gunzTarPerm extractEntry LICENSE.md
206 silly gunzTarPerm modified mode [ 'LICENSE.md', 436, 438 ]
207 silly gunzTarPerm extractEntry doc/node_misc.md
208 silly gunzTarPerm modified mode [ 'doc/node_misc.md', 436, 438 ]
209 silly gunzTarPerm extractEntry doc/asyncworker.md
210 silly gunzTarPerm modified mode [ 'doc/asyncworker.md', 436, 438 ]
211 silly gunzTarPerm extractEntry doc/callback.md
212 silly gunzTarPerm modified mode [ 'doc/callback.md', 436, 438 ]
213 silly gunzTarPerm extractEntry doc/converters.md
214 silly gunzTarPerm modified mode [ 'doc/converters.md', 436, 438 ]
215 silly gunzTarPerm extractEntry doc/errors.md
216 silly gunzTarPerm modified mode [ 'doc/errors.md', 436, 438 ]
217 silly gunzTarPerm extractEntry doc/maybe_types.md
218 silly gunzTarPerm modified mode [ 'doc/maybe_types.md', 436, 438 ]
219 verbose write writing to C:\Users\Chandra\node_modules\bcrypt\node_modules\bindings\package.json
220 silly gunzTarPerm extractEntry doc/methods.md
221 silly gunzTarPerm modified mode [ 'doc/methods.md', 436, 438 ]
222 silly gunzTarPerm extractEntry doc/new.md
223 silly gunzTarPerm modified mode [ 'doc/new.md', 436, 438 ]
224 info preinstall bindings@1.2.1
225 verbose readDependencies loading dependencies from C:\Users\Chandra\node_modules\bcrypt\node_modules\bindings\package.json
226 verbose readDependencies loading dependencies from C:\Users\Chandra\node_modules\bcrypt\node_modules\bindings\package.json
227 silly gunzTarPerm extractEntry doc/buffers.md
228 silly gunzTarPerm modified mode [ 'doc/buffers.md', 436, 438 ]
229 silly gunzTarPerm extractEntry doc/object_wrappers.md
230 silly gunzTarPerm modified mode [ 'doc/object_wrappers.md', 436, 438 ]
231 silly install resolved []
232 verbose about to build C:\Users\Chandra\node_modules\bcrypt\node_modules\bindings
233 info build C:\Users\Chandra\node_modules\bcrypt\node_modules\bindings
234 info linkStuff bindings@1.2.1
235 silly linkStuff bindings@1.2.1 has C:\Users\Chandra\node_modules\bcrypt\node_modules as its parent node_modules
236 verbose linkBins bindings@1.2.1
237 verbose linkMans bindings@1.2.1
238 verbose rebuildBundles bindings@1.2.1
239 info install bindings@1.2.1
240 info postinstall bindings@1.2.1
241 silly gunzTarPerm extractEntry doc/persistent.md
242 silly gunzTarPerm modified mode [ 'doc/persistent.md', 436, 438 ]
243 silly gunzTarPerm extractEntry doc/scopes.md
244 silly gunzTarPerm modified mode [ 'doc/scopes.md', 436, 438 ]
245 verbose unlock done using C:\Users\Chandra\AppData\Roaming\npm-cache\_locks\bindings-c57eff0fcd43e5e9.lock for C:\Users\Chandra\node_modules\bcrypt\node_modules\bindings
246 silly gunzTarPerm extractEntry doc/script.md
247 silly gunzTarPerm modified mode [ 'doc/script.md', 436, 438 ]
248 silly gunzTarPerm extractEntry doc/string_bytes.md
249 silly gunzTarPerm modified mode [ 'doc/string_bytes.md', 436, 438 ]
250 silly gunzTarPerm extractEntry doc/v8_internals.md
251 silly gunzTarPerm modified mode [ 'doc/v8_internals.md', 436, 438 ]
252 silly gunzTarPerm extractEntry doc/v8_misc.md
253 silly gunzTarPerm modified mode [ 'doc/v8_misc.md', 436, 438 ]
254 silly gunzTarPerm extractEntry nan.h
255 silly gunzTarPerm modified mode [ 'nan.h', 436, 438 ]
256 silly gunzTarPerm extractEntry nan_callbacks.h
257 silly gunzTarPerm modified mode [ 'nan_callbacks.h', 436, 438 ]
258 silly gunzTarPerm extractEntry nan_callbacks_12_inl.h
259 silly gunzTarPerm modified mode [ 'nan_callbacks_12_inl.h', 436, 438 ]
260 silly gunzTarPerm extractEntry nan_callbacks_pre_12_inl.h
261 silly gunzTarPerm modified mode [ 'nan_callbacks_pre_12_inl.h', 436, 438 ]
262 silly gunzTarPerm extractEntry nan_converters_43_inl.h
263 silly gunzTarPerm modified mode [ 'nan_converters_43_inl.h', 436, 438 ]
264 silly gunzTarPerm extractEntry nan_converters_pre_43_inl.h
265 silly gunzTarPerm modified mode [ 'nan_converters_pre_43_inl.h', 436, 438 ]
266 silly gunzTarPerm extractEntry nan_implementation_12_inl.h
267 silly gunzTarPerm modified mode [ 'nan_implementation_12_inl.h', 436, 438 ]
268 silly gunzTarPerm extractEntry nan_implementation_pre_12_inl.h
269 silly gunzTarPerm modified mode [ 'nan_implementation_pre_12_inl.h', 436, 438 ]
270 silly gunzTarPerm extractEntry nan_maybe_43_inl.h
271 silly gunzTarPerm modified mode [ 'nan_maybe_43_inl.h', 436, 438 ]
272 silly gunzTarPerm extractEntry nan_maybe_pre_43_inl.h
273 silly gunzTarPerm modified mode [ 'nan_maybe_pre_43_inl.h', 436, 438 ]
274 silly gunzTarPerm extractEntry nan_new.h
275 silly gunzTarPerm modified mode [ 'nan_new.h', 436, 438 ]
276 silly gunzTarPerm extractEntry nan_object_wrap.h
277 silly gunzTarPerm modified mode [ 'nan_object_wrap.h', 436, 438 ]
278 silly gunzTarPerm extractEntry nan_persistent_12_inl.h
279 silly gunzTarPerm modified mode [ 'nan_persistent_12_inl.h', 436, 438 ]
280 silly gunzTarPerm extractEntry nan_persistent_pre_12_inl.h
281 silly gunzTarPerm modified mode [ 'nan_persistent_pre_12_inl.h', 436, 438 ]
282 silly gunzTarPerm extractEntry nan_string_bytes.h
283 silly gunzTarPerm modified mode [ 'nan_string_bytes.h', 436, 438 ]
284 silly gunzTarPerm extractEntry nan_typedarray_contents.h
285 silly gunzTarPerm modified mode [ 'nan_typedarray_contents.h', 436, 438 ]
286 silly gunzTarPerm extractEntry nan_weak.h
287 silly gunzTarPerm modified mode [ 'nan_weak.h', 436, 438 ]
288 silly gunzTarPerm extractEntry CHANGELOG.md
289 silly gunzTarPerm modified mode [ 'CHANGELOG.md', 436, 438 ]
290 silly gunzTarPerm extractEntry tools/package.json
291 silly gunzTarPerm modified mode [ 'tools/package.json', 436, 438 ]
292 silly gunzTarPerm extractEntry tools/README.md
293 silly gunzTarPerm modified mode [ 'tools/README.md', 436, 438 ]
294 silly gunzTarPerm extractEntry tools/1to2.js
295 silly gunzTarPerm modified mode [ 'tools/1to2.js', 509, 511 ]
296 verbose write writing to C:\Users\Chandra\node_modules\bcrypt\node_modules\nan\package.json
297 info preinstall nan@2.3.5
298 verbose readDependencies loading dependencies from C:\Users\Chandra\node_modules\bcrypt\node_modules\nan\package.json
299 verbose readDependencies loading dependencies from C:\Users\Chandra\node_modules\bcrypt\node_modules\nan\package.json
300 silly install resolved []
301 verbose about to build C:\Users\Chandra\node_modules\bcrypt\node_modules\nan
302 info build C:\Users\Chandra\node_modules\bcrypt\node_modules\nan
303 info linkStuff nan@2.3.5
304 silly linkStuff nan@2.3.5 has C:\Users\Chandra\node_modules\bcrypt\node_modules as its parent node_modules
305 verbose linkBins nan@2.3.5
306 verbose linkMans nan@2.3.5
307 verbose rebuildBundles nan@2.3.5
308 info install nan@2.3.5
309 info postinstall nan@2.3.5
310 verbose unlock done using C:\Users\Chandra\AppData\Roaming\npm-cache\_locks\nan-cf174a6ebbce954f.lock for C:\Users\Chandra\node_modules\bcrypt\node_modules\nan
311 verbose about to build C:\Users\Chandra\node_modules\bcrypt
312 info build C:\Users\Chandra\node_modules\bcrypt
313 info linkStuff bcrypt@0.8.7
314 silly linkStuff bcrypt@0.8.7 has C:\Users\Chandra\node_modules as its parent node_modules
315 verbose linkBins bcrypt@0.8.7
316 verbose linkMans bcrypt@0.8.7
317 verbose rebuildBundles bcrypt@0.8.7
318 verbose rebuildBundles [ 'bindings', 'nan' ]
319 info install bcrypt@0.8.7
320 verbose unsafe-perm in lifecycle true
321 info bcrypt@0.8.7 Failed to exec install script
322 verbose unlock done using C:\Users\Chandra\AppData\Roaming\npm-cache\_locks\bcrypt-01422ece19c88967.lock for C:\Users\Chandra\node_modules\bcrypt
323 verbose stack Error: bcrypt@0.8.7 install: `node-gyp rebuild`
323 verbose stack Exit status 1
323 verbose stack     at EventEmitter.<anonymous> (C:\Program Files\nodejs\node_modules\npm\lib\utils\lifecycle.js:217:16)
323 verbose stack     at emitTwo (events.js:87:13)
323 verbose stack     at EventEmitter.emit (events.js:172:7)
323 verbose stack     at ChildProcess.<anonymous> (C:\Program Files\nodejs\node_modules\npm\lib\utils\spawn.js:24:14)
323 verbose stack     at emitTwo (events.js:87:13)
323 verbose stack     at ChildProcess.emit (events.js:172:7)
323 verbose stack     at maybeClose (internal/child_process.js:829:16)
323 verbose stack     at Process.ChildProcess._handle.onexit (internal/child_process.js:211:5)
324 verbose pkgid bcrypt@0.8.7
325 verbose cwd C:\Users\Chandra\WebstormProjects\Airbnb
326 error Windows_NT 10.0.14393
327 error argv "C:\\Program Files\\nodejs\\node.exe" "C:\\Program Files\\nodejs\\node_modules\\npm\\bin\\npm-cli.js" "install" "bcrypt"
328 error node v4.5.0
329 error npm  v2.15.9
330 error code ELIFECYCLE
331 error bcrypt@0.8.7 install: `node-gyp rebuild`
331 error Exit status 1
332 error Failed at the bcrypt@0.8.7 install script 'node-gyp rebuild'.
332 error This is most likely a problem with the bcrypt package,
332 error not with npm itself.
332 error Tell the author that this fails on your system:
332 error     node-gyp rebuild
332 error You can get information on how to open an issue for this project with:
332 error     npm bugs bcrypt
332 error Or if that isn't available, you can get their info via:
332 error
332 error     npm owner ls bcrypt
332 error There is likely additional logging output above.
333 verbose exit [ 1, true ]
334 verbose unbuild node_modules\bcrypt
335 info preuninstall bcrypt@0.8.7
336 info uninstall bcrypt@0.8.7
337 verbose unbuild rmStuff bcrypt@0.8.7 from C:\Users\Chandra\node_modules
338 info postuninstall bcrypt@0.8.7
339 silly gentlyRm C:\Users\Chandra\node_modules\bcrypt is being purged from base C:\Users\Chandra
340 verbose gentlyRm don't care about contents; nuking C:\Users\Chandra\node_modules\bcrypt
341 silly vacuum-fs purging C:\Users\Chandra\node_modules\bcrypt
342 silly vacuum-fs quitting because other entries in C:\Users\Chandra\node_modules
