{"level":"info","message":"Hello world","timestamp":"2016-11-24T04:58:52.590Z"}
{"level":"warn","message":"Warning message","timestamp":"2016-11-24T04:58:52.597Z"}
{"level":"info","message":"Hello world","timestamp":"2016-11-24T05:35:57.039Z"}
{"level":"warn","message":"Warning message","timestamp":"2016-11-24T05:35:57.042Z"}
{"level":"info","message":"Hello world","timestamp":"2016-11-24T06:11:19.386Z"}
{"level":"warn","message":"Warning message","timestamp":"2016-11-24T06:11:19.394Z"}
{"level":"info","message":"Hello world","timestamp":"2016-11-24T06:22:03.102Z"}
{"level":"warn","message":"Warning message","timestamp":"2016-11-24T06:22:03.105Z"}
{"level":"info","message":"Hello world","timestamp":"2016-11-24T06:24:12.903Z"}
{"level":"warn","message":"Warning message","timestamp":"2016-11-24T06:24:12.905Z"}
{"level":"info","message":"Hello world","timestamp":"2016-11-24T06:29:46.924Z"}
{"level":"warn","message":"Warning message","timestamp":"2016-11-24T06:29:46.926Z"}
{"level":"info","message":"Hello world","timestamp":"2016-11-24T06:47:15.023Z"}
{"level":"warn","message":"Warning message","timestamp":"2016-11-24T06:47:15.025Z"}
{"level":"info","message":"Hello world","timestamp":"2016-11-24T06:49:04.876Z"}
{"level":"warn","message":"Warning message","timestamp":"2016-11-24T06:49:04.879Z"}
{"level":"info","message":"Hello world","timestamp":"2016-11-24T07:38:59.748Z"}
{"level":"warn","message":"Warning message","timestamp":"2016-11-24T07:38:59.750Z"}
{"level":"info","message":"Hello world","timestamp":"2016-11-24T07:44:14.214Z"}
{"level":"warn","message":"Warning message","timestamp":"2016-11-24T07:44:14.216Z"}
{"level":"info","message":"Hello world","timestamp":"2016-11-24T10:28:31.868Z"}
{"level":"warn","message":"Warning message","timestamp":"2016-11-24T10:28:31.870Z"}
{"level":"info","message":"Hello world","timestamp":"2016-11-24T11:03:33.431Z"}
{"level":"warn","message":"Warning message","timestamp":"2016-11-24T11:03:33.433Z"}
{"level":"info","message":"Hello world","timestamp":"2016-11-24T11:35:20.483Z"}
{"level":"warn","message":"Warning message","timestamp":"2016-11-24T11:35:20.485Z"}
{"level":"info","message":"Hello world","timestamp":"2016-11-24T11:38:34.987Z"}
{"level":"warn","message":"Warning message","timestamp":"2016-11-24T11:38:34.990Z"}
{"level":"info","message":"Hello world","timestamp":"2016-11-24T11:44:28.130Z"}
{"level":"warn","message":"Warning message","timestamp":"2016-11-24T11:44:28.132Z"}
{"level":"info","message":"Hello world","timestamp":"2016-11-24T21:37:35.189Z"}
{"level":"warn","message":"Warning message","timestamp":"2016-11-24T21:37:35.191Z"}
{"level":"info","message":"Hello world","timestamp":"2016-11-24T21:59:41.832Z"}
{"level":"warn","message":"Warning message","timestamp":"2016-11-24T21:59:41.835Z"}
{"level":"info","message":"Hello world","timestamp":"2016-11-24T22:03:56.989Z"}
{"level":"warn","message":"Warning message","timestamp":"2016-11-24T22:03:56.992Z"}
{"level":"info","message":"Hello world","timestamp":"2016-11-24T22:06:32.774Z"}
{"level":"warn","message":"Warning message","timestamp":"2016-11-24T22:06:32.776Z"}
{"level":"info","message":"Hello world","timestamp":"2016-11-24T22:07:35.697Z"}
{"level":"warn","message":"Warning message","timestamp":"2016-11-24T22:07:35.698Z"}
{"level":"info","message":"Hello world","timestamp":"2016-11-24T22:07:49.006Z"}
{"level":"warn","message":"Warning message","timestamp":"2016-11-24T22:07:49.009Z"}
{"level":"info","message":"Hello world","timestamp":"2016-11-24T22:08:23.345Z"}
{"level":"warn","message":"Warning message","timestamp":"2016-11-24T22:08:23.347Z"}
{"level":"info","message":"Hello world","timestamp":"2016-11-24T22:08:47.655Z"}
{"level":"warn","message":"Warning message","timestamp":"2016-11-24T22:08:47.656Z"}
{"level":"info","message":"Hello world","timestamp":"2016-11-24T22:15:16.393Z"}
{"level":"warn","message":"Warning message","timestamp":"2016-11-24T22:15:16.395Z"}
{"level":"info","message":"Hello world","timestamp":"2016-11-24T22:16:49.761Z"}
{"level":"warn","message":"Warning message","timestamp":"2016-11-24T22:16:49.762Z"}
{"level":"info","message":"Hello world","timestamp":"2016-11-24T22:18:35.969Z"}
{"level":"warn","message":"Warning message","timestamp":"2016-11-24T22:18:35.971Z"}
{"level":"info","message":"Hello world","timestamp":"2016-11-24T22:21:48.931Z"}
{"level":"warn","message":"Warning message","timestamp":"2016-11-24T22:21:48.933Z"}
{"level":"info","message":"Hello world","timestamp":"2016-11-25T09:54:21.307Z"}
{"level":"warn","message":"Warning message","timestamp":"2016-11-25T09:54:21.310Z"}
{"level":"info","message":"Hello world","timestamp":"2016-11-25T10:01:08.228Z"}
{"level":"warn","message":"Warning message","timestamp":"2016-11-25T10:01:08.232Z"}
<<<<<<< HEAD
{"level":"info","message":"Hello world","timestamp":"2016-11-26T06:37:52.246Z"}
{"level":"warn","message":"Warning message","timestamp":"2016-11-26T06:37:52.246Z"}
{"level":"info","message":"Hello world","timestamp":"2016-11-26T07:06:59.402Z"}
{"level":"warn","message":"Warning message","timestamp":"2016-11-26T07:06:59.405Z"}
{"level":"info","message":"Hello world","timestamp":"2016-11-26T07:17:28.501Z"}
{"level":"warn","message":"Warning message","timestamp":"2016-11-26T07:17:28.503Z"}
{"level":"info","message":"Hello world","timestamp":"2016-11-26T07:58:53.134Z"}
{"level":"warn","message":"Warning message","timestamp":"2016-11-26T07:58:53.137Z"}
{"level":"info","message":"Hello world","timestamp":"2016-11-26T08:02:59.725Z"}
{"level":"warn","message":"Warning message","timestamp":"2016-11-26T08:02:59.727Z"}
{"level":"info","message":"Hello world","timestamp":"2016-11-26T08:09:36.566Z"}
{"level":"warn","message":"Warning message","timestamp":"2016-11-26T08:09:36.568Z"}
{"level":"info","message":"Hello world","timestamp":"2016-11-26T08:26:21.546Z"}
{"level":"warn","message":"Warning message","timestamp":"2016-11-26T08:26:21.548Z"}
{"level":"info","message":"Hello world","timestamp":"2016-11-26T08:30:55.891Z"}
{"level":"warn","message":"Warning message","timestamp":"2016-11-26T08:30:55.894Z"}
{"level":"info","message":"Hello world","timestamp":"2016-11-26T08:52:40.561Z"}
{"level":"warn","message":"Warning message","timestamp":"2016-11-26T08:52:40.564Z"}
{"level":"info","message":"Hello world","timestamp":"2016-11-26T08:54:19.899Z"}
{"level":"warn","message":"Warning message","timestamp":"2016-11-26T08:54:19.901Z"}
{"level":"info","message":"Hello world","timestamp":"2016-11-26T09:08:24.853Z"}
{"level":"warn","message":"Warning message","timestamp":"2016-11-26T09:08:24.855Z"}
{"level":"info","message":"Hello world","timestamp":"2016-11-26T09:10:05.938Z"}
{"level":"warn","message":"Warning message","timestamp":"2016-11-26T09:10:05.940Z"}
{"level":"info","message":"Hello world","timestamp":"2016-11-26T19:43:33.833Z"}
{"level":"warn","message":"Warning message","timestamp":"2016-11-26T19:43:33.835Z"}
{"level":"info","message":"Hello world","timestamp":"2016-11-26T19:48:39.227Z"}
{"level":"warn","message":"Warning message","timestamp":"2016-11-26T19:48:39.229Z"}
=======
{"level":"info","message":"Hello world","timestamp":"2016-11-27T04:31:04.733Z"}
{"level":"warn","message":"Warning message","timestamp":"2016-11-27T04:31:04.741Z"}
{"level":"info","message":"Hello world","timestamp":"2016-11-27T04:31:33.446Z"}
{"level":"warn","message":"Warning message","timestamp":"2016-11-27T04:31:33.453Z"}
{"level":"info","message":"Hello world","timestamp":"2016-11-27T04:34:51.256Z"}
{"level":"warn","message":"Warning message","timestamp":"2016-11-27T04:34:51.264Z"}
{"level":"info","message":"Hello world","timestamp":"2016-11-27T04:37:29.611Z"}
{"level":"warn","message":"Warning message","timestamp":"2016-11-27T04:37:29.620Z"}
{"level":"info","message":"Hello world","timestamp":"2016-11-27T04:45:14.947Z"}
{"level":"warn","message":"Warning message","timestamp":"2016-11-27T04:45:14.954Z"}
>>>>>>> branch 'master' of https://github.com/varsha-kankariya/CMPE273AirbnbProj.git
